<?xml version="1.0" encoding="UTF-8"?>
<!-- Generated by org.testng.reporters.JUnitReportReporter -->
<testsuite skipped="0" hostname="Praveen-MacBook-Air.local" name="com.Pray4One.TestCases.IntegrationTest1" tests="2" failures="0" timestamp="2019-12-20T10:59:11 IST" time="68.585" errors="0">
  <testcase name="loginTest" time="17.935" classname="com.Pray4One.TestCases.IntegrationTest1"/>
  <testcase name="requestaPrayer" time="50.650" classname="com.Pray4One.TestCases.IntegrationTest1"/>
</testsuite> <!-- com.Pray4One.TestCases.IntegrationTest1 -->
